<?xml version="1.0" encoding="UTF-8"?>
<testng-results skipped="1" failed="0" total="3" passed="2">
  <reporter-output>
  </reporter-output>
  <suite name="Amazon test on Web browser" duration-ms="381439" started-at="2015-04-19T15:40:18Z" finished-at="2015-04-19T15:46:39Z">
    <groups>
    </groups>
    <test name="Amazon Home Page " duration-ms="381439" started-at="2015-04-19T15:40:18Z" finished-at="2015-04-19T15:46:39Z">
      <class name="com.amazon.AmazonHome">
        <test-method status="PASS" signature="setUp(boolean, java.lang.String, java.lang.String, java.lang.String, java.lang.String, java.lang.String, java.lang.String)[pri:0, instance:com.amazon.AmazonHome@2d6e8792]" name="setUp" is-config="true" duration-ms="18122" started-at="2015-04-19T11:40:18Z" finished-at="2015-04-19T11:40:36Z">
          <params>
            <param index="0">
              <value>
                <![CDATA[true]]>
              </value>
            </param>
            <param index="1">
              <value>
                <![CDATA[sddev001]]>
              </value>
            </param>
            <param index="2">
              <value>
                <![CDATA[fedce925-0914-4f51-9d58-296388ad528a]]>
              </value>
            </param>
            <param index="3">
              <value>
                <![CDATA[WIN8]]>
              </value>
            </param>
            <param index="4">
              <value>
                <![CDATA[firefox]]>
              </value>
            </param>
            <param index="5">
              <value>
                <![CDATA[35]]>
              </value>
            </param>
            <param index="6">
              <value>
                <![CDATA[http://www.amazon.com]]>
              </value>
            </param>
          </params>
          <reporter-output>
          </reporter-output>
        </test-method> <!-- setUp -->
        <test-method status="PASS" signature="testSearch(java.lang.String, java.lang.String)[pri:0, instance:com.amazon.AmazonHome@2d6e8792]" name="testSearch" duration-ms="10555" started-at="2015-04-19T11:40:36Z" data-provider="search" finished-at="2015-04-19T11:40:47Z">
          <params>
            <param index="0">
              <value>
                <![CDATA[Computers]]>
              </value>
            </param>
            <param index="1">
              <value>
                <![CDATA[Dell Laptop]]>
              </value>
            </param>
          </params>
          <reporter-output>
          </reporter-output>
        </test-method> <!-- testSearch -->
        <test-method status="PASS" signature="cleanUp()[pri:0, instance:com.amazon.AmazonHome@2d6e8792]" name="cleanUp" is-config="true" duration-ms="3974" started-at="2015-04-19T11:40:47Z" finished-at="2015-04-19T11:40:51Z">
          <reporter-output>
          </reporter-output>
        </test-method> <!-- cleanUp -->
        <test-method status="PASS" signature="setUp(boolean, java.lang.String, java.lang.String, java.lang.String, java.lang.String, java.lang.String, java.lang.String)[pri:0, instance:com.amazon.AmazonHome@2d6e8792]" name="setUp" is-config="true" duration-ms="21842" started-at="2015-04-19T11:40:51Z" finished-at="2015-04-19T11:41:12Z">
          <params>
            <param index="0">
              <value>
                <![CDATA[true]]>
              </value>
            </param>
            <param index="1">
              <value>
                <![CDATA[sddev001]]>
              </value>
            </param>
            <param index="2">
              <value>
                <![CDATA[fedce925-0914-4f51-9d58-296388ad528a]]>
              </value>
            </param>
            <param index="3">
              <value>
                <![CDATA[WIN8]]>
              </value>
            </param>
            <param index="4">
              <value>
                <![CDATA[firefox]]>
              </value>
            </param>
            <param index="5">
              <value>
                <![CDATA[35]]>
              </value>
            </param>
            <param index="6">
              <value>
                <![CDATA[http://www.amazon.com]]>
              </value>
            </param>
          </params>
          <reporter-output>
          </reporter-output>
        </test-method> <!-- setUp -->
        <test-method status="PASS" signature="testSearch(java.lang.String, java.lang.String)[pri:0, instance:com.amazon.AmazonHome@2d6e8792]" name="testSearch" duration-ms="10618" started-at="2015-04-19T11:41:12Z" data-provider="search" finished-at="2015-04-19T11:41:23Z">
          <params>
            <param index="0">
              <value>
                <![CDATA[Cell Phones & Accessories]]>
              </value>
            </param>
            <param index="1">
              <value>
                <![CDATA[samsung galaxy s6]]>
              </value>
            </param>
          </params>
          <reporter-output>
          </reporter-output>
        </test-method> <!-- testSearch -->
        <test-method status="PASS" signature="cleanUp()[pri:0, instance:com.amazon.AmazonHome@2d6e8792]" name="cleanUp" is-config="true" duration-ms="3280" started-at="2015-04-19T11:41:23Z" finished-at="2015-04-19T11:41:26Z">
          <reporter-output>
          </reporter-output>
        </test-method> <!-- cleanUp -->
        <test-method status="FAIL" signature="setUp(boolean, java.lang.String, java.lang.String, java.lang.String, java.lang.String, java.lang.String, java.lang.String)[pri:0, instance:com.amazon.AmazonHome@2d6e8792]" name="setUp" is-config="true" duration-ms="0" started-at="2015-04-19T11:41:26Z" finished-at="2015-04-19T11:41:26Z">
          <params>
            <param index="0">
              <value>
                <![CDATA[true]]>
              </value>
            </param>
            <param index="1">
              <value>
                <![CDATA[sddev001]]>
              </value>
            </param>
            <param index="2">
              <value>
                <![CDATA[fedce925-0914-4f51-9d58-296388ad528a]]>
              </value>
            </param>
            <param index="3">
              <value>
                <![CDATA[WIN8]]>
              </value>
            </param>
            <param index="4">
              <value>
                <![CDATA[firefox]]>
              </value>
            </param>
            <param index="5">
              <value>
                <![CDATA[35]]>
              </value>
            </param>
            <param index="6">
              <value>
                <![CDATA[http://www.amazon.com]]>
              </value>
            </param>
          </params>
          <exception class="org.openqa.selenium.WebDriverException">
            <message>
              <![CDATA[Due to a previous error, this job has already finished. You can learn more at https://saucelabs.com/jobs/6304c07cf6f2469d9b07a0f82cd40cfb (WARNING: The server did not provide any stacktrace information)
Command duration or timeout: 302.45 seconds
Build info: version: '2.45.0', revision: '5017cb8e7ca8e37638dc3091b2440b90a1d8686f', time: '2015-02-27 09:10:26'
System info: host: 'Lenovo-PC', ip: '192.168.1.33', os.name: 'Windows 8.1', os.arch: 'amd64', os.version: '6.3', java.version: '1.8.0_40'
Driver info: org.openqa.selenium.remote.RemoteWebDriver
Capabilities [{applicationCacheEnabled=true, rotatable=false, hasMetadata=true, databaseEnabled=true, handlesAlerts=true, version=35.0, platform=WINDOWS, nativeEvents=false, acceptSslCerts=true, webdriver.remote.sessionid=6304c07cf6f2469d9b07a0f82cd40cfb, locationContextEnabled=true, webStorageEnabled=true, takesScreenshot=true, browserName=firefox, javascriptEnabled=true, cssSelectorsEnabled=true}]
Session ID: 6304c07cf6f2469d9b07a0f82cd40cfb]]>
            </message>
            <full-stacktrace>
              <![CDATA[org.openqa.selenium.WebDriverException: Due to a previous error, this job has already finished. You can learn more at https://saucelabs.com/jobs/6304c07cf6f2469d9b07a0f82cd40cfb (WARNING: The server did not provide any stacktrace information)
Command duration or timeout: 302.45 seconds
Build info: version: '2.45.0', revision: '5017cb8e7ca8e37638dc3091b2440b90a1d8686f', time: '2015-02-27 09:10:26'
System info: host: 'Lenovo-PC', ip: '192.168.1.33', os.name: 'Windows 8.1', os.arch: 'amd64', os.version: '6.3', java.version: '1.8.0_40'
Driver info: org.openqa.selenium.remote.RemoteWebDriver
Capabilities [{applicationCacheEnabled=true, rotatable=false, hasMetadata=true, databaseEnabled=true, handlesAlerts=true, version=35.0, platform=WINDOWS, nativeEvents=false, acceptSslCerts=true, webdriver.remote.sessionid=6304c07cf6f2469d9b07a0f82cd40cfb, locationContextEnabled=true, webStorageEnabled=true, takesScreenshot=true, browserName=firefox, javascriptEnabled=true, cssSelectorsEnabled=true}]
Session ID: 6304c07cf6f2469d9b07a0f82cd40cfb
	at sun.reflect.NativeConstructorAccessorImpl.newInstance0(Native Method)
	at sun.reflect.NativeConstructorAccessorImpl.newInstance(NativeConstructorAccessorImpl.java:62)
	at sun.reflect.DelegatingConstructorAccessorImpl.newInstance(DelegatingConstructorAccessorImpl.java:45)
	at java.lang.reflect.Constructor.newInstance(Constructor.java:422)
	at org.openqa.selenium.remote.ErrorHandler.createThrowable(ErrorHandler.java:204)
	at org.openqa.selenium.remote.ErrorHandler.throwIfResponseFailed(ErrorHandler.java:156)
	at org.openqa.selenium.remote.RemoteWebDriver.execute(RemoteWebDriver.java:599)
	at org.openqa.selenium.remote.RemoteWebDriver.get(RemoteWebDriver.java:304)
	at org.openqa.selenium.remote.RemoteWebDriver$RemoteNavigation.to(RemoteWebDriver.java:854)
	at baseApi.Base.setUpCloudEnvironment(Base.java:63)
	at baseApi.Base.setUp(Base.java:46)
	at sun.reflect.NativeMethodAccessorImpl.invoke0(Native Method)
	at sun.reflect.NativeMethodAccessorImpl.invoke(NativeMethodAccessorImpl.java:62)
	at sun.reflect.DelegatingMethodAccessorImpl.invoke(DelegatingMethodAccessorImpl.java:43)
	at java.lang.reflect.Method.invoke(Method.java:497)
	at org.testng.internal.MethodInvocationHelper.invokeMethod(MethodInvocationHelper.java:85)
	at org.testng.internal.Invoker.invokeConfigurationMethod(Invoker.java:552)
	at org.testng.internal.Invoker.invokeConfigurations(Invoker.java:215)
	at org.testng.internal.Invoker.invokeMethod(Invoker.java:636)
	at org.testng.internal.Invoker.invokeTestMethod(Invoker.java:882)
	at org.testng.internal.Invoker.invokeTestMethods(Invoker.java:1189)
	at org.testng.internal.TestMethodWorker.invokeTestMethods(TestMethodWorker.java:124)
	at org.testng.internal.TestMethodWorker.run(TestMethodWorker.java:108)
	at org.testng.TestRunner.privateRun(TestRunner.java:767)
	at org.testng.TestRunner.run(TestRunner.java:617)
	at org.testng.SuiteRunner.runTest(SuiteRunner.java:348)
	at org.testng.SuiteRunner.runSequentially(SuiteRunner.java:343)
	at org.testng.SuiteRunner.privateRun(SuiteRunner.java:305)
	at org.testng.SuiteRunner.run(SuiteRunner.java:254)
	at org.testng.SuiteRunnerWorker.runSuite(SuiteRunnerWorker.java:52)
	at org.testng.SuiteRunnerWorker.run(SuiteRunnerWorker.java:86)
	at org.testng.TestNG.runSuitesSequentially(TestNG.java:1224)
	at org.testng.TestNG.runSuitesLocally(TestNG.java:1149)
	at org.testng.TestNG.run(TestNG.java:1057)
	at org.apache.maven.surefire.testng.TestNGExecutor.run(TestNGExecutor.java:293)
	at org.apache.maven.surefire.testng.TestNGXmlTestSuite.execute(TestNGXmlTestSuite.java:84)
	at org.apache.maven.surefire.testng.TestNGProvider.invoke(TestNGProvider.java:91)
	at org.apache.maven.surefire.booter.ForkedBooter.invokeProviderInSameClassLoader(ForkedBooter.java:200)
	at org.apache.maven.surefire.booter.ForkedBooter.runSuitesInProcess(ForkedBooter.java:153)
	at org.apache.maven.surefire.booter.ForkedBooter.main(ForkedBooter.java:103)
]]>
            </full-stacktrace>
          </exception> <!-- org.openqa.selenium.WebDriverException -->
          <reporter-output>
          </reporter-output>
        </test-method> <!-- setUp -->
        <test-method status="SKIP" signature="testSearch(java.lang.String, java.lang.String)[pri:0, instance:com.amazon.AmazonHome@2d6e8792]" name="testSearch" duration-ms="0" started-at="2015-04-19T11:46:39Z" data-provider="search" finished-at="2015-04-19T11:46:39Z">
          <params>
            <param index="0">
              <value>
                <![CDATA[Electronics]]>
              </value>
            </param>
            <param index="1">
              <value>
                <![CDATA[TV]]>
              </value>
            </param>
          </params>
          <reporter-output>
          </reporter-output>
        </test-method> <!-- testSearch -->
        <test-method status="SKIP" signature="cleanUp()[pri:0, instance:com.amazon.AmazonHome@2d6e8792]" name="cleanUp" is-config="true" duration-ms="0" started-at="2015-04-19T11:46:39Z" finished-at="2015-04-19T11:46:39Z">
          <reporter-output>
          </reporter-output>
        </test-method> <!-- cleanUp -->
      </class> <!-- com.amazon.AmazonHome -->
    </test> <!-- Amazon Home Page  -->
  </suite> <!-- Amazon test on Web browser -->
</testng-results>
