<?xml version="1.0" encoding="UTF-8"?>
<!-- Generated by org.testng.reporters.JUnitXMLReporter -->
<testsuite hostname="Lenovo-PC" name="Amazon Home Page " tests="3" failures="0" timestamp="19 Apr 2015 15:46:39 GMT" time="381.439" errors="0">
  <testcase name="@BeforeMethod setUp" time="0.0" classname="com.amazon.AmazonHome">
    <failure type="org.openqa.selenium.WebDriverException" message="Due to a previous error, this job has already finished. You can learn more at https://saucelabs.com/jobs/6304c07cf6f2469d9b07a0f82cd40cfb (WARNING: The server did not provide any stacktrace information)
Command duration or timeout: 302.45 seconds
Build info: version: &amp;apos;2.45.0&amp;apos;, revision: &amp;apos;5017cb8e7ca8e37638dc3091b2440b90a1d8686f&amp;apos;, time: &amp;apos;2015-02-27 09:10:26&amp;apos;
System info: host: &amp;apos;Lenovo-PC&amp;apos;, ip: &amp;apos;192.168.1.33&amp;apos;, os.name: &amp;apos;Windows 8.1&amp;apos;, os.arch: &amp;apos;amd64&amp;apos;, os.version: &amp;apos;6.3&amp;apos;, java.version: &amp;apos;1.8.0_40&amp;apos;
Driver info: org.openqa.selenium.remote.RemoteWebDriver
Capabilities [{applicationCacheEnabled=true, rotatable=false, hasMetadata=true, databaseEnabled=true, handlesAlerts=true, version=35.0, platform=WINDOWS, nativeEvents=false, acceptSslCerts=true, webdriver.remote.sessionid=6304c07cf6f2469d9b07a0f82cd40cfb, locationContextEnabled=true, webStorageEnabled=true, takesScreenshot=true, browserName=firefox, javascriptEnabled=true, cssSelectorsEnabled=true}]
Session ID: 6304c07cf6f2469d9b07a0f82cd40cfb">
      <![CDATA[org.openqa.selenium.WebDriverException: Due to a previous error, this job has already finished. You can learn more at https://saucelabs.com/jobs/6304c07cf6f2469d9b07a0f82cd40cfb (WARNING: The server did not provide any stacktrace information)
Command duration or timeout: 302.45 seconds
Build info: version: '2.45.0', revision: '5017cb8e7ca8e37638dc3091b2440b90a1d8686f', time: '2015-02-27 09:10:26'
System info: host: 'Lenovo-PC', ip: '192.168.1.33', os.name: 'Windows 8.1', os.arch: 'amd64', os.version: '6.3', java.version: '1.8.0_40'
Driver info: org.openqa.selenium.remote.RemoteWebDriver
Capabilities [{applicationCacheEnabled=true, rotatable=false, hasMetadata=true, databaseEnabled=true, handlesAlerts=true, version=35.0, platform=WINDOWS, nativeEvents=false, acceptSslCerts=true, webdriver.remote.sessionid=6304c07cf6f2469d9b07a0f82cd40cfb, locationContextEnabled=true, webStorageEnabled=true, takesScreenshot=true, browserName=firefox, javascriptEnabled=true, cssSelectorsEnabled=true}]
Session ID: 6304c07cf6f2469d9b07a0f82cd40cfb
	at org.openqa.selenium.remote.ErrorHandler.createThrowable(ErrorHandler.java:204)
	at org.openqa.selenium.remote.ErrorHandler.throwIfResponseFailed(ErrorHandler.java:156)
	at org.openqa.selenium.remote.RemoteWebDriver.execute(RemoteWebDriver.java:599)
	at org.openqa.selenium.remote.RemoteWebDriver.get(RemoteWebDriver.java:304)
	at org.openqa.selenium.remote.RemoteWebDriver$RemoteNavigation.to(RemoteWebDriver.java:854)
	at baseApi.Base.setUpCloudEnvironment(Base.java:63)
	at baseApi.Base.setUp(Base.java:46)
... Removed 33 stack frames]]>
    </failure>
  </testcase> <!-- @BeforeMethod setUp -->
  <testcase name="@AfterMethod cleanUp" time="0.0" classname="com.amazon.AmazonHome">
    <skipped/>
  </testcase> <!-- @AfterMethod cleanUp -->
  <testcase name="testSearch" time="10.555" classname="com.amazon.AmazonHome"/>
  <testcase name="testSearch" time="10.618" classname="com.amazon.AmazonHome"/>
  <testcase name="testSearch" time="0.0" classname="com.amazon.AmazonHome">
    <skipped/>
  </testcase> <!-- testSearch -->
</testsuite> <!-- Amazon Home Page  -->
